<?xml version="1.0" encoding="UTF-8" ?>
<testsuites name="vitest tests" tests="12" failures="0" errors="0" time="52.228">
    <testsuite name="tests/components/organisms/UserProfileCard.test.tsx" timestamp="2026-06-26T14:44:15.693Z" hostname="X-F3C9R824443GT" tests="12" failures="0" errors="0" skipped="0" time="0.1777785">
        <testcase classname="tests/components/organisms/UserProfileCard.test.tsx" name="UserProfileCard component (Organism) &gt; renders user display name" time="0.0377526">
            <system-out>
  → Testing: Does it show the user&apos;s full name?
 Display name &apos;Jane Doe&apos; is visible

            </system-out>
        </testcase>
        <testcase classname="tests/components/organisms/UserProfileCard.test.tsx" name="UserProfileCard component (Organism) &gt; renders user email" time="0.0036135">
            <system-out>
  → Testing: Does it show the user&apos;s email?
 Email &apos;jane.doe@contoso.com&apos; is visible

            </system-out>
        </testcase>
        <testcase classname="tests/components/organisms/UserProfileCard.test.tsx" name="UserProfileCard component (Organism) &gt; renders user role" time="0.0058">
            <system-out>
  → Testing: Does it show the user&apos;s role?
 Role &apos;SharePoint Developer&apos; is visible

            </system-out>
        </testcase>
        <testcase classname="tests/components/organisms/UserProfileCard.test.tsx" name="UserProfileCard component (Organism) &gt; shows auto-generated initials when no avatarInitials provided" time="0.0106453">
            <system-out>
  → Testing: Does it generate initials from the name?
 Auto-generated initials &apos;JD&apos; from &apos;Jane Doe&apos;

            </system-out>
        </testcase>
        <testcase classname="tests/components/organisms/UserProfileCard.test.tsx" name="UserProfileCard component (Organism) &gt; shows custom initials when avatarInitials provided" time="0.0077782">
            <system-out>
  → Testing: Can we override initials with custom text?
 Custom initials &apos;X&apos; displayed instead of auto-generated

            </system-out>
        </testcase>
        <testcase classname="tests/components/organisms/UserProfileCard.test.tsx" name="UserProfileCard component (Organism) &gt; shows online status badge when isOnline is true" time="0.0030474">
            <system-out>
  → Testing: Does it show &apos;Online&apos; status indicator?
 Online status badge is visible

            </system-out>
        </testcase>
        <testcase classname="tests/components/organisms/UserProfileCard.test.tsx" name="UserProfileCard component (Organism) &gt; shows offline status badge when isOnline is false" time="0.0040934">
            <system-out>
  → Testing: Does it show &apos;Offline&apos; status indicator?
 Offline status badge is visible

            </system-out>
        </testcase>
        <testcase classname="tests/components/organisms/UserProfileCard.test.tsx" name="UserProfileCard component (Organism) &gt; renders the embedded SearchBox" time="0.0478824">
            <system-out>
  → Testing: Is the search box (molecule) embedded inside?
 SearchBox rendered with &apos;Search user content...&apos; placeholder and &apos;Find&apos; button

            </system-out>
        </testcase>
        <testcase classname="tests/components/organisms/UserProfileCard.test.tsx" name="UserProfileCard component (Organism) &gt; performs a search and shows it in recent searches" time="0.031955">
            <system-out>
  → Testing: Does searching add to the recent searches list?
 &apos;SPFx web parts&apos; added to recent searches and callback triggered

            </system-out>
        </testcase>
        <testcase classname="tests/components/organisms/UserProfileCard.test.tsx" name="UserProfileCard component (Organism) &gt; displays pre-existing recent searches" time="0.0050335">
            <system-out>
  → Testing: Can we pass in existing search history?
 Pre-existing searches &apos;React&apos;, &apos;TypeScript&apos;, &apos;Vitest&apos; all displayed

            </system-out>
        </testcase>
        <testcase classname="tests/components/organisms/UserProfileCard.test.tsx" name="UserProfileCard component (Organism) &gt; limits recent searches to 5 items" time="0.0110425">
            <system-out>
  → Testing: Does it cap recent searches at 5 items?
 Recent searches capped at 5 — oldest item removed

            </system-out>
        </testcase>
        <testcase classname="tests/components/organisms/UserProfileCard.test.tsx" name="UserProfileCard component (Organism) &gt; renders the profile card container" time="0.0057998">
            <system-out>
  → Testing: Does the profile card wrapper exist?
 Profile card container (data-testid=&apos;profile-card&apos;) found

            </system-out>
        </testcase>
    </testsuite>
</testsuites>
